<?xml version="1.0" encoding="UTF-8"?>
<testng-results ignored="0" total="2" passed="2" failed="0" skipped="0">
  <reporter-output>
  </reporter-output>
  <suite started-at="2018-08-28T21:17:45Z" name="Default suite" finished-at="2018-08-28T21:17:48Z" duration-ms="3341">
    <groups>
      <group name="cucumber">
        <method signature="AbstractTestNGCucumberTests.feature(cucumber.api.testng.CucumberFeatureWrapper)[pri:0, instance:Qapractice.CucumberAdvance.calTest@157853da]" name="feature" class="cucumber.api.testng.AbstractTestNGCucumberTests"/>
      </group> <!-- cucumber -->
    </groups>
    <test started-at="2018-08-28T21:17:45Z" name="Default test" finished-at="2018-08-28T21:17:48Z" duration-ms="3341">
      <class name="Qapractice.CucumberAdvance.calTest">
        <test-method is-config="true" signature="setUpClass()[pri:0, instance:Qapractice.CucumberAdvance.calTest@157853da]" started-at="2018-08-28T21:17:45Z" name="setUpClass" finished-at="2018-08-28T21:17:45Z" duration-ms="363" status="PASS">
          <reporter-output>
          </reporter-output>
        </test-method> <!-- setUpClass -->
        <test-method is-config="true" signature="setUpTest()[pri:0, instance:Qapractice.CucumberAdvance.calTest@157853da]" started-at="2018-08-28T21:17:45Z" name="setUpTest" finished-at="2018-08-28T21:17:45Z" duration-ms="31" status="PASS">
          <reporter-output>
          </reporter-output>
        </test-method> <!-- setUpTest -->
        <test-method signature="feature(cucumber.api.testng.CucumberFeatureWrapper)[pri:0, instance:Qapractice.CucumberAdvance.calTest@157853da]" started-at="2018-08-28T21:17:46Z" name="feature" description="Runs Cucumber Feature" data-provider="features" finished-at="2018-08-28T21:17:48Z" duration-ms="2027" status="PASS">
          <params>
            <param index="0">
              <value>
                <![CDATA[Calculator]]>
              </value>
            </param>
          </params>
          <reporter-output>
          </reporter-output>
        </test-method> <!-- feature -->
        <test-method signature="addNumber(cucumber.api.testng.CucumberFeatureWrapper)[pri:1, instance:Qapractice.CucumberAdvance.calTest@157853da]" started-at="2018-08-28T21:17:48Z" name="addNumber" description="Add and multiply two numbers &lt;num1&gt; &amp; &lt;num2&gt;" data-provider="features" finished-at="2018-08-28T21:17:48Z" duration-ms="546" status="PASS">
          <params>
            <param index="0">
              <value>
                <![CDATA[Calculator]]>
              </value>
            </param>
          </params>
          <reporter-output>
          </reporter-output>
        </test-method> <!-- addNumber -->
        <test-method is-config="true" signature="tearDownClass()[pri:0, instance:Qapractice.CucumberAdvance.calTest@157853da]" started-at="2018-08-28T21:17:48Z" name="tearDownClass" finished-at="2018-08-28T21:17:48Z" duration-ms="168" status="PASS">
          <reporter-output>
          </reporter-output>
        </test-method> <!-- tearDownClass -->
      </class> <!-- Qapractice.CucumberAdvance.calTest -->
    </test> <!-- Default test -->
  </suite> <!-- Default suite -->
</testng-results>
