<?xml version="1.0" encoding="UTF-8"?>
<testng-results ignored="0" total="2" passed="2" failed="0" skipped="0">
  <reporter-output>
  </reporter-output>
  <suite started-at="2018-08-30T11:28:32Z" name="Default suite" finished-at="2018-08-30T11:28:39Z" duration-ms="7323">
    <groups>
      <group name="cucumber">
        <method signature="AbstractTestNGCucumberTests.feature(cucumber.api.testng.CucumberFeatureWrapper)[pri:0, instance:Qapractice.CucumberAdvance.calTest@6f27a732]" name="feature" class="cucumber.api.testng.AbstractTestNGCucumberTests"/>
      </group> <!-- cucumber -->
    </groups>
    <test started-at="2018-08-30T11:28:32Z" name="Default test" finished-at="2018-08-30T11:28:39Z" duration-ms="7323">
      <class name="Qapractice.CucumberAdvance.calTest">
        <test-method is-config="true" signature="setUpClass()[pri:0, instance:Qapractice.CucumberAdvance.calTest@6f27a732]" started-at="2018-08-30T11:28:32Z" name="setUpClass" finished-at="2018-08-30T11:28:33Z" duration-ms="730" status="PASS">
          <reporter-output>
          </reporter-output>
        </test-method> <!-- setUpClass -->
        <test-method is-config="true" signature="setUpTest()[pri:0, instance:Qapractice.CucumberAdvance.calTest@6f27a732]" started-at="2018-08-30T11:28:33Z" name="setUpTest" finished-at="2018-08-30T11:28:33Z" duration-ms="49" status="PASS">
          <reporter-output>
          </reporter-output>
        </test-method> <!-- setUpTest -->
        <test-method signature="feature(cucumber.api.testng.CucumberFeatureWrapper)[pri:0, instance:Qapractice.CucumberAdvance.calTest@6f27a732]" started-at="2018-08-30T11:28:33Z" name="feature" description="Runs Cucumber Feature" data-provider="features" finished-at="2018-08-30T11:28:37Z" duration-ms="3759" status="PASS">
          <params>
            <param index="0">
              <value>
                <![CDATA[Calculator]]>
              </value>
            </param>
          </params>
          <reporter-output>
          </reporter-output>
        </test-method> <!-- feature -->
        <test-method signature="addNumber(cucumber.api.testng.CucumberFeatureWrapper)[pri:1, instance:Qapractice.CucumberAdvance.calTest@6f27a732]" started-at="2018-08-30T11:28:37Z" name="addNumber" description="Add and multiply two numbers &lt;num1&gt; &amp; &lt;num2&gt;" data-provider="features" finished-at="2018-08-30T11:28:37Z" duration-ms="647" status="PASS">
          <params>
            <param index="0">
              <value>
                <![CDATA[Calculator]]>
              </value>
            </param>
          </params>
          <reporter-output>
          </reporter-output>
        </test-method> <!-- addNumber -->
        <test-method is-config="true" signature="tearDownClass()[pri:0, instance:Qapractice.CucumberAdvance.calTest@6f27a732]" started-at="2018-08-30T11:28:37Z" name="tearDownClass" finished-at="2018-08-30T11:28:39Z" duration-ms="1825" status="PASS">
          <reporter-output>
          </reporter-output>
        </test-method> <!-- tearDownClass -->
      </class> <!-- Qapractice.CucumberAdvance.calTest -->
    </test> <!-- Default test -->
  </suite> <!-- Default suite -->
</testng-results>
